c:\users\arjan singh\desktop\openglinwpf\openglcpp\debug\openglcpp.pch
c:\users\arjan singh\desktop\openglinwpf\openglcpp\debug\vc142.pdb
c:\users\arjan singh\desktop\openglinwpf\openglcpp\debug\pch.obj
c:\users\arjan singh\desktop\openglinwpf\openglcpp\debug\openglcpp.obj
c:\users\arjan singh\desktop\openglinwpf\openglcpp\debug\assemblyinfo.obj
c:\users\arjan singh\desktop\openglinwpf\openglcpp\debug\.netframework,version=v4.7.2.assemblyattributes.obj
c:\users\arjan singh\desktop\openglinwpf\openglinwpf\debug\openglcpp.dll
c:\users\arjan singh\desktop\openglinwpf\openglinwpf\debug\openglcpp.pdb
c:\users\arjan singh\desktop\openglinwpf\openglcpp\debug\app.res
c:\users\arjan singh\desktop\openglinwpf\openglcpp\debug\openglcpp.tlog\cl.command.1.tlog
c:\users\arjan singh\desktop\openglinwpf\openglcpp\debug\openglcpp.tlog\cl.read.1.tlog
c:\users\arjan singh\desktop\openglinwpf\openglcpp\debug\openglcpp.tlog\cl.write.1.tlog
c:\users\arjan singh\desktop\openglinwpf\openglcpp\debug\openglcpp.tlog\link.command.1.tlog
c:\users\arjan singh\desktop\openglinwpf\openglcpp\debug\openglcpp.tlog\link.read.1.tlog
c:\users\arjan singh\desktop\openglinwpf\openglcpp\debug\openglcpp.tlog\link.write.1.tlog
c:\users\arjan singh\desktop\openglinwpf\openglcpp\debug\openglcpp.tlog\metagen.read.1.tlog
c:\users\arjan singh\desktop\openglinwpf\openglcpp\debug\openglcpp.tlog\metagen.write.1.tlog
c:\users\arjan singh\desktop\openglinwpf\openglcpp\debug\openglcpp.tlog\rc.command.1.tlog
c:\users\arjan singh\desktop\openglinwpf\openglcpp\debug\openglcpp.tlog\rc.read.1.tlog
c:\users\arjan singh\desktop\openglinwpf\openglcpp\debug\openglcpp.tlog\rc.write.1.tlog
